<?xml version="1.0" encoding="UTF-8"?>
<TestRun id="ca6d1892-6574-4633-a887-fabc808cc918" name="Geert@DANTE 2011-08-03 10:53:30" runUser="DANTE\Geert" xmlns="http://microsoft.com/schemas/VisualStudio/TeamTest/2010">
  <TestSettings name="Local" id="5a8f1c0c-66b1-48e4-929b-7d94eb1600d3">
    <Description>These are default test settings for a local test run.</Description>
    <Deployment enabled="false" runDeploymentRoot="Geert_DANTE 2011-08-03 10_53_30">
      <DeploymentItem filename="D:\dotnetWorks\dbgen\dbgen\bin\Debug\dbgen.exe" />
    </Deployment>
    <Execution>
      <TestTypeSpecific />
      <AgentRule name="Execution Agents">
      </AgentRule>
    </Execution>
  </TestSettings>
  <Times creation="2011-08-03T10:53:30.2600101+02:00" queuing="2011-08-03T10:53:30.2900102+02:00" start="2011-08-03T10:53:30.3000102+02:00" finish="2011-08-03T10:53:30.4500104+02:00" />
  <ResultSummary outcome="Completed">
    <Counters total="1" executed="1" passed="1" error="0" failed="0" timeout="0" aborted="0" inconclusive="0" passedButRunAborted="0" notRunnable="0" notExecuted="0" disconnected="0" warning="0" completed="0" inProgress="0" pending="0" />
  </ResultSummary>
  <TestDefinitions>
    <UnitTest name="GetScriptPath_Empty" storage="d:\dotnetworks\dbgen\dbgen.tests\bin\debug\dbgen.tests.dll" id="a9b7b617-f9f1-d964-b864-930a422eba3a">
      <Execution id="19fffc3c-3264-4d54-b93e-39db60cf5e42" />
      <TestMethod codeBase="D:/dotnetWorks/dbgen/dbgen.Tests/bin/Debug/dbgen.Tests.DLL" adapterTypeName="Microsoft.VisualStudio.TestTools.TestTypes.Unit.UnitTestAdapter, Microsoft.VisualStudio.QualityTools.Tips.UnitTest.Adapter, Version=10.0.0.0, Culture=neutral, PublicKeyToken=b03f5f7f11d50a3a" className="dbgen.Tests.ScriptFileHelperTest, dbgen.Tests, Version=1.0.0.0, Culture=neutral, PublicKeyToken=null" name="GetScriptPath_Empty" />
    </UnitTest>
  </TestDefinitions>
  <TestLists>
    <TestList name="Results Not in a List" id="8c84fa94-04c1-424b-9868-57a2d4851a1d" />
    <TestList name="All Loaded Results" id="19431567-8539-422a-85d7-44ee4e166bda" />
  </TestLists>
  <TestEntries>
    <TestEntry testId="a9b7b617-f9f1-d964-b864-930a422eba3a" executionId="19fffc3c-3264-4d54-b93e-39db60cf5e42" testListId="8c84fa94-04c1-424b-9868-57a2d4851a1d" />
  </TestEntries>
  <Results>
    <UnitTestResult executionId="19fffc3c-3264-4d54-b93e-39db60cf5e42" testId="a9b7b617-f9f1-d964-b864-930a422eba3a" testName="GetScriptPath_Empty" computerName="DANTE" duration="00:00:00.0106275" startTime="2011-08-03T10:53:30.3000102+02:00" endTime="2011-08-03T10:53:30.4400104+02:00" testType="13cdc9d9-ddb5-4fa4-a97d-d965ccfc6d4b" outcome="Passed" testListId="8c84fa94-04c1-424b-9868-57a2d4851a1d" relativeResultsDirectory="19fffc3c-3264-4d54-b93e-39db60cf5e42">
    </UnitTestResult>
  </Results>
</TestRun>