<?xml version="1.0" encoding="UTF-8"?>
<TestRun id="8a536853-24f5-418d-a7cf-69f92d7cf2bc" name="Geert@DANTE 2011-08-03 16:22:54" runUser="DANTE\Geert" xmlns="http://microsoft.com/schemas/VisualStudio/TeamTest/2010">
  <TestSettings name="Local" id="5a8f1c0c-66b1-48e4-929b-7d94eb1600d3">
    <Description>These are default test settings for a local test run.</Description>
    <Deployment runDeploymentRoot="Geert_DANTE 2011-08-03 16_22_54">
      <DeploymentItem filename="D:\dotnetWorks\dbgen\dbgen\bin\Debug\dbgen.exe" />
      <DeploymentItem filename="dbgen.Tests\testfiles\db_tbl_20110202020202.sql" />
      <DeploymentItem filename="dbgen.Tests\testfiles\db_tbl_20110101010101.sql" />
      <DeploymentItem filename="dbgen.Tests\testfiles\db_tbl_20110303030303.sql" />
    </Deployment>
    <Execution>
      <TestTypeSpecific>
        <UnitTestRunConfig testTypeId="13cdc9d9-ddb5-4fa4-a97d-d965ccfc6d4b">
          <AssemblyResolution>
            <TestDirectory useLoadContext="true" />
          </AssemblyResolution>
        </UnitTestRunConfig>
        <WebTestRunConfiguration testTypeId="4e7599fa-5ecb-43e9-a887-cd63cf72d207">
          <Browser name="Internet Explorer 7.0">
            <Headers>
              <Header name="User-Agent" value="Mozilla/4.0 (compatible; MSIE 7.0; Windows NT 5.1)" />
              <Header name="Accept" value="*/*" />
              <Header name="Accept-Language" value="{{$IEAcceptLanguage}}" />
              <Header name="Accept-Encoding" value="GZIP" />
            </Headers>
          </Browser>
        </WebTestRunConfiguration>
      </TestTypeSpecific>
      <AgentRule name="LocalMachineDefaultRole">
      </AgentRule>
    </Execution>
  </TestSettings>
  <Times creation="2011-08-03T16:22:54.2343388+02:00" queuing="2011-08-03T16:22:58.5345848+02:00" start="2011-08-03T16:22:58.5395851+02:00" finish="2011-08-03T16:22:58.9086062+02:00" />
  <ResultSummary outcome="Completed">
    <Counters total="1" executed="1" passed="1" error="0" failed="0" timeout="0" aborted="0" inconclusive="0" passedButRunAborted="0" notRunnable="0" notExecuted="0" disconnected="0" warning="0" completed="0" inProgress="0" pending="0" />
  </ResultSummary>
  <TestDefinitions>
    <UnitTest name="ScriptFileName_Default" storage="d:\dotnetworks\dbgen\dbgen.tests\bin\debug\dbgen.tests.dll" id="853b131b-d48c-314d-ddaf-40b27beddfa2">
      <Execution id="2cce31bc-3bef-4bb6-9c46-8a5d72c85a92" />
      <TestMethod codeBase="D:/dotnetWorks/dbgen/dbgen.Tests/bin/Debug/dbgen.Tests.DLL" adapterTypeName="Microsoft.VisualStudio.TestTools.TestTypes.Unit.UnitTestAdapter, Microsoft.VisualStudio.QualityTools.Tips.UnitTest.Adapter, Version=10.0.0.0, Culture=neutral, PublicKeyToken=b03f5f7f11d50a3a" className="dbgen.Tests.ScriptFileNameTest, dbgen.Tests, Version=1.0.0.0, Culture=neutral, PublicKeyToken=null" name="ScriptFileName_Default" />
    </UnitTest>
  </TestDefinitions>
  <TestLists>
    <TestList name="Results Not in a List" id="8c84fa94-04c1-424b-9868-57a2d4851a1d" />
    <TestList name="All Loaded Results" id="19431567-8539-422a-85d7-44ee4e166bda" />
  </TestLists>
  <TestEntries>
    <TestEntry testId="853b131b-d48c-314d-ddaf-40b27beddfa2" executionId="2cce31bc-3bef-4bb6-9c46-8a5d72c85a92" testListId="8c84fa94-04c1-424b-9868-57a2d4851a1d" />
  </TestEntries>
  <Results>
    <UnitTestResult executionId="2cce31bc-3bef-4bb6-9c46-8a5d72c85a92" testId="853b131b-d48c-314d-ddaf-40b27beddfa2" testName="ScriptFileName_Default" computerName="DANTE" duration="00:00:00.0190530" startTime="2011-08-03T16:22:58.5405851+02:00" endTime="2011-08-03T16:22:58.6955940+02:00" testType="13cdc9d9-ddb5-4fa4-a97d-d965ccfc6d4b" outcome="Passed" testListId="8c84fa94-04c1-424b-9868-57a2d4851a1d" relativeResultsDirectory="2cce31bc-3bef-4bb6-9c46-8a5d72c85a92">
    </UnitTestResult>
  </Results>
</TestRun>