<?xml version="1.0" encoding="UTF-8"?>
<TestRun id="fd27a73b-176b-41e7-aa1a-fbb509da7a49" name="Geert@DANTE 2011-08-03 10:49:38" runUser="DANTE\Geert" xmlns="http://microsoft.com/schemas/VisualStudio/TeamTest/2010">
  <TestSettings name="Local" id="5a8f1c0c-66b1-48e4-929b-7d94eb1600d3">
    <Description>These are default test settings for a local test run.</Description>
    <Deployment enabled="false" runDeploymentRoot="Geert_DANTE 2011-08-03 10_49_38">
      <DeploymentItem filename="D:\dotnetWorks\dbgen\dbgen\bin\Debug\dbgen.exe" />
    </Deployment>
    <Execution>
      <TestTypeSpecific />
      <AgentRule name="Execution Agents">
      </AgentRule>
    </Execution>
  </TestSettings>
  <Times creation="2011-08-03T10:49:38.7582803+02:00" queuing="2011-08-03T10:49:39.9982820+02:00" start="2011-08-03T10:49:40.1882823+02:00" finish="2011-08-03T10:49:53.9023341+02:00" />
  <ResultSummary outcome="Error">
    <Counters total="1" executed="1" error="0" failed="0" timeout="0" aborted="1" inconclusive="0" passedButRunAborted="0" notRunnable="0" notExecuted="0" disconnected="0" warning="0" passed="0" completed="0" inProgress="0" pending="0" />
    <RunInfos>
      <RunInfo computerName="DANTE" outcome="Error" timestamp="2011-08-03T10:49:53.8923341+02:00">
        <Text>Test host process exited unexpectedly.</Text>
      </RunInfo>
    </RunInfos>
  </ResultSummary>
  <TestDefinitions>
    <UnitTest name="GetScriptFileTimeStamp_WrongFile" storage="d:\dotnetworks\dbgen\dbgen.tests\bin\debug\dbgen.tests.dll" id="2469edda-bfa9-e27f-fbda-c34aaedc5dac">
      <Execution id="539282e7-bf62-44c5-89df-6de73e7b7406" />
      <TestMethod codeBase="D:/dotnetWorks/dbgen/dbgen.Tests/bin/Debug/dbgen.Tests.DLL" adapterTypeName="Microsoft.VisualStudio.TestTools.TestTypes.Unit.UnitTestAdapter, Microsoft.VisualStudio.QualityTools.Tips.UnitTest.Adapter, Version=10.0.0.0, Culture=neutral, PublicKeyToken=b03f5f7f11d50a3a" className="dbgen.Tests.ScriptFileHelperTest, dbgen.Tests, Version=1.0.0.0, Culture=neutral, PublicKeyToken=null" name="GetScriptFileTimeStamp_WrongFile" />
    </UnitTest>
  </TestDefinitions>
  <TestLists>
    <TestList name="Results Not in a List" id="8c84fa94-04c1-424b-9868-57a2d4851a1d" />
    <TestList name="All Loaded Results" id="19431567-8539-422a-85d7-44ee4e166bda" />
  </TestLists>
  <TestEntries>
    <TestEntry testId="2469edda-bfa9-e27f-fbda-c34aaedc5dac" executionId="539282e7-bf62-44c5-89df-6de73e7b7406" testListId="8c84fa94-04c1-424b-9868-57a2d4851a1d" />
  </TestEntries>
  <Results>
    <UnitTestResult executionId="539282e7-bf62-44c5-89df-6de73e7b7406" testId="2469edda-bfa9-e27f-fbda-c34aaedc5dac" testName="GetScriptFileTimeStamp_WrongFile" computerName="DANTE" duration="00:00:13.5540516" startTime="2011-08-03T10:49:40.3482825+02:00" endTime="2011-08-03T10:49:53.9023341+02:00" testType="13cdc9d9-ddb5-4fa4-a97d-d965ccfc6d4b" outcome="Aborted" testListId="8c84fa94-04c1-424b-9868-57a2d4851a1d" relativeResultsDirectory="539282e7-bf62-44c5-89df-6de73e7b7406">
    </UnitTestResult>
  </Results>
</TestRun>