<?xml version="1.0" encoding="UTF-8"?>
<TestRun id="b4eda6e4-ce69-409e-974b-3e7ccf69412c" name="Geert@DANTE 2011-08-03 16:14:13" runUser="DANTE\Geert" xmlns="http://microsoft.com/schemas/VisualStudio/TeamTest/2010">
  <TestSettings name="Local" id="5a8f1c0c-66b1-48e4-929b-7d94eb1600d3">
    <Description>These are default test settings for a local test run.</Description>
    <Deployment runDeploymentRoot="Geert_DANTE 2011-08-03 16_14_13">
      <DeploymentItem filename="D:\dotnetWorks\dbgen\dbgen\bin\Debug\dbgen.exe" />
      <DeploymentItem filename="dbgen.Tests\testfiles\db_tbl_20110202020202.sql" />
      <DeploymentItem filename="dbgen.Tests\testfiles\db_tbl_20110101010101.sql" />
      <DeploymentItem filename="dbgen.Tests\testfiles\db_tbl_20110303030303.sql" />
    </Deployment>
    <Execution>
      <TestTypeSpecific>
        <UnitTestRunConfig testTypeId="13cdc9d9-ddb5-4fa4-a97d-d965ccfc6d4b">
          <AssemblyResolution>
            <TestDirectory useLoadContext="true" />
          </AssemblyResolution>
        </UnitTestRunConfig>
        <WebTestRunConfiguration testTypeId="4e7599fa-5ecb-43e9-a887-cd63cf72d207">
          <Browser name="Internet Explorer 7.0">
            <Headers>
              <Header name="User-Agent" value="Mozilla/4.0 (compatible; MSIE 7.0; Windows NT 5.1)" />
              <Header name="Accept" value="*/*" />
              <Header name="Accept-Language" value="{{$IEAcceptLanguage}}" />
              <Header name="Accept-Encoding" value="GZIP" />
            </Headers>
          </Browser>
        </WebTestRunConfiguration>
      </TestTypeSpecific>
      <AgentRule name="LocalMachineDefaultRole">
      </AgentRule>
    </Execution>
  </TestSettings>
  <Times creation="2011-08-03T16:14:13.5935599+02:00" queuing="2011-08-03T16:14:13.6995659+02:00" start="2011-08-03T16:14:13.7055663+02:00" finish="2011-08-03T16:14:13.8745760+02:00" />
  <ResultSummary outcome="Completed">
    <Counters total="1" executed="1" passed="1" error="0" failed="0" timeout="0" aborted="0" inconclusive="0" passedButRunAborted="0" notRunnable="0" notExecuted="0" disconnected="0" warning="0" completed="0" inProgress="0" pending="0" />
  </ResultSummary>
  <TestDefinitions>
    <UnitTest name="GetScriptFiles_Expected_3_Files" storage="d:\dotnetworks\dbgen\dbgen.tests\bin\debug\dbgen.tests.dll" id="9fdbc681-ce25-4296-c01e-da3c8048e548">
      <Execution id="af3ab2d4-9e0f-4421-8abb-6f05cae1e988" />
      <TestMethod codeBase="D:/dotnetWorks/dbgen/dbgen.Tests/bin/Debug/dbgen.Tests.DLL" adapterTypeName="Microsoft.VisualStudio.TestTools.TestTypes.Unit.UnitTestAdapter, Microsoft.VisualStudio.QualityTools.Tips.UnitTest.Adapter, Version=10.0.0.0, Culture=neutral, PublicKeyToken=b03f5f7f11d50a3a" className="dbgen.Tests.ScriptFileHelperTest, dbgen.Tests, Version=1.0.0.0, Culture=neutral, PublicKeyToken=null" name="GetScriptFiles_Expected_3_Files" />
    </UnitTest>
  </TestDefinitions>
  <TestLists>
    <TestList name="Results Not in a List" id="8c84fa94-04c1-424b-9868-57a2d4851a1d" />
    <TestList name="All Loaded Results" id="19431567-8539-422a-85d7-44ee4e166bda" />
  </TestLists>
  <TestEntries>
    <TestEntry testId="9fdbc681-ce25-4296-c01e-da3c8048e548" executionId="af3ab2d4-9e0f-4421-8abb-6f05cae1e988" testListId="8c84fa94-04c1-424b-9868-57a2d4851a1d" />
  </TestEntries>
  <Results>
    <UnitTestResult executionId="af3ab2d4-9e0f-4421-8abb-6f05cae1e988" testId="9fdbc681-ce25-4296-c01e-da3c8048e548" testName="GetScriptFiles_Expected_3_Files" computerName="DANTE" duration="00:00:00.0192559" startTime="2011-08-03T16:14:13.7065663+02:00" endTime="2011-08-03T16:14:13.8645754+02:00" testType="13cdc9d9-ddb5-4fa4-a97d-d965ccfc6d4b" outcome="Passed" testListId="8c84fa94-04c1-424b-9868-57a2d4851a1d" relativeResultsDirectory="af3ab2d4-9e0f-4421-8abb-6f05cae1e988">
    </UnitTestResult>
  </Results>
</TestRun>