<?xml version="1.0" encoding="UTF-8"?>
<TestRun id="ed7e3051-65c0-441e-a87c-46b4e79fa4e1" name="Geert@DANTE 2011-08-03 16:14:19" runUser="DANTE\Geert" xmlns="http://microsoft.com/schemas/VisualStudio/TeamTest/2010">
  <TestSettings name="Local" id="5a8f1c0c-66b1-48e4-929b-7d94eb1600d3">
    <Description>These are default test settings for a local test run.</Description>
    <Deployment runDeploymentRoot="Geert_DANTE 2011-08-03 16_14_19">
      <DeploymentItem filename="D:\dotnetWorks\dbgen\dbgen\bin\Debug\dbgen.exe" />
      <DeploymentItem filename="dbgen.Tests\testfiles\db_tbl_20110202020202.sql" />
      <DeploymentItem filename="dbgen.Tests\testfiles\db_tbl_20110101010101.sql" />
      <DeploymentItem filename="dbgen.Tests\testfiles\db_tbl_20110303030303.sql" />
    </Deployment>
    <Execution>
      <TestTypeSpecific>
        <UnitTestRunConfig testTypeId="13cdc9d9-ddb5-4fa4-a97d-d965ccfc6d4b">
          <AssemblyResolution>
            <TestDirectory useLoadContext="true" />
          </AssemblyResolution>
        </UnitTestRunConfig>
        <WebTestRunConfiguration testTypeId="4e7599fa-5ecb-43e9-a887-cd63cf72d207">
          <Browser name="Internet Explorer 7.0">
            <Headers>
              <Header name="User-Agent" value="Mozilla/4.0 (compatible; MSIE 7.0; Windows NT 5.1)" />
              <Header name="Accept" value="*/*" />
              <Header name="Accept-Language" value="{{$IEAcceptLanguage}}" />
              <Header name="Accept-Encoding" value="GZIP" />
            </Headers>
          </Browser>
        </WebTestRunConfiguration>
      </TestTypeSpecific>
      <AgentRule name="LocalMachineDefaultRole">
      </AgentRule>
    </Execution>
  </TestSettings>
  <Times creation="2011-08-03T16:14:19.3868912+02:00" queuing="2011-08-03T16:14:19.5078982+02:00" start="2011-08-03T16:14:19.5138985+02:00" finish="2011-08-03T16:14:19.7499120+02:00" />
  <ResultSummary outcome="Failed">
    <Counters total="17" executed="17" passed="16" error="0" failed="1" timeout="0" aborted="0" inconclusive="0" passedButRunAborted="0" notRunnable="0" notExecuted="0" disconnected="0" warning="0" completed="0" inProgress="0" pending="0" />
  </ResultSummary>
  <TestDefinitions>
    <UnitTest name="Compare_Empty" storage="d:\dotnetworks\dbgen\dbgen.tests\bin\debug\dbgen.tests.dll" id="3253e96f-9660-2053-015f-36eb9145d184">
      <Execution id="d47df45a-6bd5-42cf-8c59-5dbbb5329bac" />
      <TestMethod codeBase="D:/dotnetWorks/dbgen/dbgen.Tests/bin/Debug/dbgen.Tests.DLL" adapterTypeName="Microsoft.VisualStudio.TestTools.TestTypes.Unit.UnitTestAdapter, Microsoft.VisualStudio.QualityTools.Tips.UnitTest.Adapter, Version=10.0.0.0, Culture=neutral, PublicKeyToken=b03f5f7f11d50a3a" className="dbgen.Tests.TimestampComparerTest, dbgen.Tests, Version=1.0.0.0, Culture=neutral, PublicKeyToken=null" name="Compare_Empty" />
    </UnitTest>
    <UnitTest name="GetScriptPath_CurrentDir" storage="d:\dotnetworks\dbgen\dbgen.tests\bin\debug\dbgen.tests.dll" id="b820de05-cd05-5b2f-5b83-4ca1afa32d03">
      <Execution id="e5d00592-c9c3-4fc7-8d66-102213171fff" />
      <TestMethod codeBase="D:/dotnetWorks/dbgen/dbgen.Tests/bin/Debug/dbgen.Tests.DLL" adapterTypeName="Microsoft.VisualStudio.TestTools.TestTypes.Unit.UnitTestAdapter, Microsoft.VisualStudio.QualityTools.Tips.UnitTest.Adapter, Version=10.0.0.0, Culture=neutral, PublicKeyToken=b03f5f7f11d50a3a" className="dbgen.Tests.ScriptFileHelperTest, dbgen.Tests, Version=1.0.0.0, Culture=neutral, PublicKeyToken=null" name="GetScriptPath_CurrentDir" />
    </UnitTest>
    <UnitTest name="ConvertTimeStamp_Empty" storage="d:\dotnetworks\dbgen\dbgen.tests\bin\debug\dbgen.tests.dll" id="b16a5f55-2607-fdce-b999-1e4f4b01ed45">
      <Execution id="e02aa8fa-9047-4681-9ab8-b58231ea3d91" />
      <TestMethod codeBase="D:/dotnetWorks/dbgen/dbgen.Tests/bin/Debug/dbgen.Tests.DLL" adapterTypeName="Microsoft.VisualStudio.TestTools.TestTypes.Unit.UnitTestAdapter, Microsoft.VisualStudio.QualityTools.Tips.UnitTest.Adapter, Version=10.0.0.0, Culture=neutral, PublicKeyToken=b03f5f7f11d50a3a" className="dbgen.Tests.VersionHelperTest, dbgen.Tests, Version=1.0.0.0, Culture=neutral, PublicKeyToken=null" name="ConvertTimeStamp_Empty" />
    </UnitTest>
    <UnitTest name="ConvertTimeStamp_IncorrectLength" storage="d:\dotnetworks\dbgen\dbgen.tests\bin\debug\dbgen.tests.dll" id="67badc83-89c9-92b7-ca8a-c0603f869d7f">
      <Execution id="0977865a-c50d-49e3-b777-eaa38d1f8a87" />
      <TestMethod codeBase="D:/dotnetWorks/dbgen/dbgen.Tests/bin/Debug/dbgen.Tests.DLL" adapterTypeName="Microsoft.VisualStudio.TestTools.TestTypes.Unit.UnitTestAdapter, Microsoft.VisualStudio.QualityTools.Tips.UnitTest.Adapter, Version=10.0.0.0, Culture=neutral, PublicKeyToken=b03f5f7f11d50a3a" className="dbgen.Tests.VersionHelperTest, dbgen.Tests, Version=1.0.0.0, Culture=neutral, PublicKeyToken=null" name="ConvertTimeStamp_IncorrectLength" />
    </UnitTest>
    <UnitTest name="Compare_Right" storage="d:\dotnetworks\dbgen\dbgen.tests\bin\debug\dbgen.tests.dll" id="6489dbb5-1740-8c20-53f5-c92cf8b75d09">
      <Execution id="97c5e89c-3a42-4590-993d-10cb103cb1d0" />
      <TestMethod codeBase="D:/dotnetWorks/dbgen/dbgen.Tests/bin/Debug/dbgen.Tests.DLL" adapterTypeName="Microsoft.VisualStudio.TestTools.TestTypes.Unit.UnitTestAdapter, Microsoft.VisualStudio.QualityTools.Tips.UnitTest.Adapter, Version=10.0.0.0, Culture=neutral, PublicKeyToken=b03f5f7f11d50a3a" className="dbgen.Tests.TimestampComparerTest, dbgen.Tests, Version=1.0.0.0, Culture=neutral, PublicKeyToken=null" name="Compare_Right" />
    </UnitTest>
    <UnitTest name="GetScriptFiles_Expected_3_Files" storage="d:\dotnetworks\dbgen\dbgen.tests\bin\debug\dbgen.tests.dll" id="9fdbc681-ce25-4296-c01e-da3c8048e548">
      <Execution id="855d78c6-5efe-4419-96a7-485ab27ac53a" />
      <TestMethod codeBase="D:/dotnetWorks/dbgen/dbgen.Tests/bin/Debug/dbgen.Tests.DLL" adapterTypeName="Microsoft.VisualStudio.TestTools.TestTypes.Unit.UnitTestAdapter, Microsoft.VisualStudio.QualityTools.Tips.UnitTest.Adapter, Version=10.0.0.0, Culture=neutral, PublicKeyToken=b03f5f7f11d50a3a" className="dbgen.Tests.ScriptFileHelperTest, dbgen.Tests, Version=1.0.0.0, Culture=neutral, PublicKeyToken=null" name="GetScriptFiles_Expected_3_Files" />
    </UnitTest>
    <UnitTest name="Compare_Left" storage="d:\dotnetworks\dbgen\dbgen.tests\bin\debug\dbgen.tests.dll" id="8b68b881-60fc-5bf3-3e00-b9a4ca1c1f15">
      <Execution id="e3f32841-a2e2-4523-84d7-a81c812cee3f" />
      <TestMethod codeBase="D:/dotnetWorks/dbgen/dbgen.Tests/bin/Debug/dbgen.Tests.DLL" adapterTypeName="Microsoft.VisualStudio.TestTools.TestTypes.Unit.UnitTestAdapter, Microsoft.VisualStudio.QualityTools.Tips.UnitTest.Adapter, Version=10.0.0.0, Culture=neutral, PublicKeyToken=b03f5f7f11d50a3a" className="dbgen.Tests.TimestampComparerTest, dbgen.Tests, Version=1.0.0.0, Culture=neutral, PublicKeyToken=null" name="Compare_Left" />
    </UnitTest>
    <UnitTest name="GetScriptFileTimeStamp_WrongFile" storage="d:\dotnetworks\dbgen\dbgen.tests\bin\debug\dbgen.tests.dll" id="2469edda-bfa9-e27f-fbda-c34aaedc5dac">
      <Execution id="3fed21be-dc92-4ad1-801e-7c192a47f6df" />
      <TestMethod codeBase="D:/dotnetWorks/dbgen/dbgen.Tests/bin/Debug/dbgen.Tests.DLL" adapterTypeName="Microsoft.VisualStudio.TestTools.TestTypes.Unit.UnitTestAdapter, Microsoft.VisualStudio.QualityTools.Tips.UnitTest.Adapter, Version=10.0.0.0, Culture=neutral, PublicKeyToken=b03f5f7f11d50a3a" className="dbgen.Tests.ScriptFileHelperTest, dbgen.Tests, Version=1.0.0.0, Culture=neutral, PublicKeyToken=null" name="GetScriptFileTimeStamp_WrongFile" />
    </UnitTest>
    <UnitTest name="GetScriptFileTimeStamp_TwoUnderscores" storage="d:\dotnetworks\dbgen\dbgen.tests\bin\debug\dbgen.tests.dll" id="e887175c-ed7c-ef44-f0bd-336d9886183b">
      <Execution id="330e12ec-4ae0-4680-97b7-1366c6c4c979" />
      <TestMethod codeBase="D:/dotnetWorks/dbgen/dbgen.Tests/bin/Debug/dbgen.Tests.DLL" adapterTypeName="Microsoft.VisualStudio.TestTools.TestTypes.Unit.UnitTestAdapter, Microsoft.VisualStudio.QualityTools.Tips.UnitTest.Adapter, Version=10.0.0.0, Culture=neutral, PublicKeyToken=b03f5f7f11d50a3a" className="dbgen.Tests.ScriptFileHelperTest, dbgen.Tests, Version=1.0.0.0, Culture=neutral, PublicKeyToken=null" name="GetScriptFileTimeStamp_TwoUnderscores" />
    </UnitTest>
    <UnitTest name="GetScriptFileTimeStamp_Empty" storage="d:\dotnetworks\dbgen\dbgen.tests\bin\debug\dbgen.tests.dll" id="36349fa0-9256-4def-980c-c2a738ac8edb">
      <Execution id="2337a77a-f669-4e1d-ab2f-fe5c9d0c0a87" />
      <TestMethod codeBase="D:/dotnetWorks/dbgen/dbgen.Tests/bin/Debug/dbgen.Tests.DLL" adapterTypeName="Microsoft.VisualStudio.TestTools.TestTypes.Unit.UnitTestAdapter, Microsoft.VisualStudio.QualityTools.Tips.UnitTest.Adapter, Version=10.0.0.0, Culture=neutral, PublicKeyToken=b03f5f7f11d50a3a" className="dbgen.Tests.ScriptFileHelperTest, dbgen.Tests, Version=1.0.0.0, Culture=neutral, PublicKeyToken=null" name="GetScriptFileTimeStamp_Empty" />
    </UnitTest>
    <UnitTest name="ConvertTimeStamp_DefaultValue" storage="d:\dotnetworks\dbgen\dbgen.tests\bin\debug\dbgen.tests.dll" id="9e93776e-2f3b-5dc1-e980-1dd327a08e94">
      <Execution id="b32b75ed-6f15-4355-8d36-503add567929" />
      <TestMethod codeBase="D:/dotnetWorks/dbgen/dbgen.Tests/bin/Debug/dbgen.Tests.DLL" adapterTypeName="Microsoft.VisualStudio.TestTools.TestTypes.Unit.UnitTestAdapter, Microsoft.VisualStudio.QualityTools.Tips.UnitTest.Adapter, Version=10.0.0.0, Culture=neutral, PublicKeyToken=b03f5f7f11d50a3a" className="dbgen.Tests.VersionHelperTest, dbgen.Tests, Version=1.0.0.0, Culture=neutral, PublicKeyToken=null" name="ConvertTimeStamp_DefaultValue" />
    </UnitTest>
    <UnitTest name="GetScriptFileTimeStamp_Null" storage="d:\dotnetworks\dbgen\dbgen.tests\bin\debug\dbgen.tests.dll" id="9d5a688e-59a3-2893-a191-b6ed823a8985">
      <Execution id="3cb8383b-5097-4175-ae7d-505ec3d6de0d" />
      <TestMethod codeBase="D:/dotnetWorks/dbgen/dbgen.Tests/bin/Debug/dbgen.Tests.DLL" adapterTypeName="Microsoft.VisualStudio.TestTools.TestTypes.Unit.UnitTestAdapter, Microsoft.VisualStudio.QualityTools.Tips.UnitTest.Adapter, Version=10.0.0.0, Culture=neutral, PublicKeyToken=b03f5f7f11d50a3a" className="dbgen.Tests.ScriptFileHelperTest, dbgen.Tests, Version=1.0.0.0, Culture=neutral, PublicKeyToken=null" name="GetScriptFileTimeStamp_Null" />
    </UnitTest>
    <UnitTest name="GetScriptPath_PathEmpty" storage="d:\dotnetworks\dbgen\dbgen.tests\bin\debug\dbgen.tests.dll" id="3909de38-7848-39ee-383f-9b8782bd4167">
      <Execution id="f49b1fdb-6b33-468d-988c-69d3922d6d06" />
      <TestMethod codeBase="D:/dotnetWorks/dbgen/dbgen.Tests/bin/Debug/dbgen.Tests.DLL" adapterTypeName="Microsoft.VisualStudio.TestTools.TestTypes.Unit.UnitTestAdapter, Microsoft.VisualStudio.QualityTools.Tips.UnitTest.Adapter, Version=10.0.0.0, Culture=neutral, PublicKeyToken=b03f5f7f11d50a3a" className="dbgen.Tests.ScriptFileHelperTest, dbgen.Tests, Version=1.0.0.0, Culture=neutral, PublicKeyToken=null" name="GetScriptPath_PathEmpty" />
    </UnitTest>
    <UnitTest name="ConvertTimeStamp_Null" storage="d:\dotnetworks\dbgen\dbgen.tests\bin\debug\dbgen.tests.dll" id="4b99c741-ba3a-1e02-0f06-2dc601e4d210">
      <Execution id="dcc9a8bb-69c1-4ee9-aefc-32a5b21e254b" />
      <TestMethod codeBase="D:/dotnetWorks/dbgen/dbgen.Tests/bin/Debug/dbgen.Tests.DLL" adapterTypeName="Microsoft.VisualStudio.TestTools.TestTypes.Unit.UnitTestAdapter, Microsoft.VisualStudio.QualityTools.Tips.UnitTest.Adapter, Version=10.0.0.0, Culture=neutral, PublicKeyToken=b03f5f7f11d50a3a" className="dbgen.Tests.VersionHelperTest, dbgen.Tests, Version=1.0.0.0, Culture=neutral, PublicKeyToken=null" name="ConvertTimeStamp_Null" />
    </UnitTest>
    <UnitTest name="GetScriptFileTimeStamp_Default" storage="d:\dotnetworks\dbgen\dbgen.tests\bin\debug\dbgen.tests.dll" id="62192c1f-5084-a354-f1eb-4f61c7279af9">
      <Execution id="997a3cac-ff2f-46ae-992b-5829b88e0a61" />
      <TestMethod codeBase="D:/dotnetWorks/dbgen/dbgen.Tests/bin/Debug/dbgen.Tests.DLL" adapterTypeName="Microsoft.VisualStudio.TestTools.TestTypes.Unit.UnitTestAdapter, Microsoft.VisualStudio.QualityTools.Tips.UnitTest.Adapter, Version=10.0.0.0, Culture=neutral, PublicKeyToken=b03f5f7f11d50a3a" className="dbgen.Tests.ScriptFileHelperTest, dbgen.Tests, Version=1.0.0.0, Culture=neutral, PublicKeyToken=null" name="GetScriptFileTimeStamp_Default" />
    </UnitTest>
    <UnitTest name="GetScriptPath_PathNull" storage="d:\dotnetworks\dbgen\dbgen.tests\bin\debug\dbgen.tests.dll" id="60f1778d-b594-ad2a-59a9-06a39ec4b1e5">
      <Execution id="e3458c0b-0619-4eb2-b37a-ab39881fbf26" />
      <TestMethod codeBase="D:/dotnetWorks/dbgen/dbgen.Tests/bin/Debug/dbgen.Tests.DLL" adapterTypeName="Microsoft.VisualStudio.TestTools.TestTypes.Unit.UnitTestAdapter, Microsoft.VisualStudio.QualityTools.Tips.UnitTest.Adapter, Version=10.0.0.0, Culture=neutral, PublicKeyToken=b03f5f7f11d50a3a" className="dbgen.Tests.ScriptFileHelperTest, dbgen.Tests, Version=1.0.0.0, Culture=neutral, PublicKeyToken=null" name="GetScriptPath_PathNull" />
    </UnitTest>
    <UnitTest name="GetScriptPath_PathSpecified" storage="d:\dotnetworks\dbgen\dbgen.tests\bin\debug\dbgen.tests.dll" id="ceab9d55-5207-0187-f6d1-897650253d31">
      <Execution id="8ea91a35-1fbf-48b9-8f24-3be5caa5b9e2" />
      <TestMethod codeBase="D:/dotnetWorks/dbgen/dbgen.Tests/bin/Debug/dbgen.Tests.DLL" adapterTypeName="Microsoft.VisualStudio.TestTools.TestTypes.Unit.UnitTestAdapter, Microsoft.VisualStudio.QualityTools.Tips.UnitTest.Adapter, Version=10.0.0.0, Culture=neutral, PublicKeyToken=b03f5f7f11d50a3a" className="dbgen.Tests.ScriptFileHelperTest, dbgen.Tests, Version=1.0.0.0, Culture=neutral, PublicKeyToken=null" name="GetScriptPath_PathSpecified" />
    </UnitTest>
  </TestDefinitions>
  <TestLists>
    <TestList name="Results Not in a List" id="8c84fa94-04c1-424b-9868-57a2d4851a1d" />
    <TestList name="All Loaded Results" id="19431567-8539-422a-85d7-44ee4e166bda" />
  </TestLists>
  <TestEntries>
    <TestEntry testId="36349fa0-9256-4def-980c-c2a738ac8edb" executionId="2337a77a-f669-4e1d-ab2f-fe5c9d0c0a87" testListId="8c84fa94-04c1-424b-9868-57a2d4851a1d" />
    <TestEntry testId="9d5a688e-59a3-2893-a191-b6ed823a8985" executionId="3cb8383b-5097-4175-ae7d-505ec3d6de0d" testListId="8c84fa94-04c1-424b-9868-57a2d4851a1d" />
    <TestEntry testId="62192c1f-5084-a354-f1eb-4f61c7279af9" executionId="997a3cac-ff2f-46ae-992b-5829b88e0a61" testListId="8c84fa94-04c1-424b-9868-57a2d4851a1d" />
    <TestEntry testId="2469edda-bfa9-e27f-fbda-c34aaedc5dac" executionId="3fed21be-dc92-4ad1-801e-7c192a47f6df" testListId="8c84fa94-04c1-424b-9868-57a2d4851a1d" />
    <TestEntry testId="e887175c-ed7c-ef44-f0bd-336d9886183b" executionId="330e12ec-4ae0-4680-97b7-1366c6c4c979" testListId="8c84fa94-04c1-424b-9868-57a2d4851a1d" />
    <TestEntry testId="b820de05-cd05-5b2f-5b83-4ca1afa32d03" executionId="e5d00592-c9c3-4fc7-8d66-102213171fff" testListId="8c84fa94-04c1-424b-9868-57a2d4851a1d" />
    <TestEntry testId="ceab9d55-5207-0187-f6d1-897650253d31" executionId="8ea91a35-1fbf-48b9-8f24-3be5caa5b9e2" testListId="8c84fa94-04c1-424b-9868-57a2d4851a1d" />
    <TestEntry testId="3909de38-7848-39ee-383f-9b8782bd4167" executionId="f49b1fdb-6b33-468d-988c-69d3922d6d06" testListId="8c84fa94-04c1-424b-9868-57a2d4851a1d" />
    <TestEntry testId="60f1778d-b594-ad2a-59a9-06a39ec4b1e5" executionId="e3458c0b-0619-4eb2-b37a-ab39881fbf26" testListId="8c84fa94-04c1-424b-9868-57a2d4851a1d" />
    <TestEntry testId="3253e96f-9660-2053-015f-36eb9145d184" executionId="d47df45a-6bd5-42cf-8c59-5dbbb5329bac" testListId="8c84fa94-04c1-424b-9868-57a2d4851a1d" />
    <TestEntry testId="8b68b881-60fc-5bf3-3e00-b9a4ca1c1f15" executionId="e3f32841-a2e2-4523-84d7-a81c812cee3f" testListId="8c84fa94-04c1-424b-9868-57a2d4851a1d" />
    <TestEntry testId="6489dbb5-1740-8c20-53f5-c92cf8b75d09" executionId="97c5e89c-3a42-4590-993d-10cb103cb1d0" testListId="8c84fa94-04c1-424b-9868-57a2d4851a1d" />
    <TestEntry testId="9fdbc681-ce25-4296-c01e-da3c8048e548" executionId="855d78c6-5efe-4419-96a7-485ab27ac53a" testListId="8c84fa94-04c1-424b-9868-57a2d4851a1d" />
    <TestEntry testId="9e93776e-2f3b-5dc1-e980-1dd327a08e94" executionId="b32b75ed-6f15-4355-8d36-503add567929" testListId="8c84fa94-04c1-424b-9868-57a2d4851a1d" />
    <TestEntry testId="b16a5f55-2607-fdce-b999-1e4f4b01ed45" executionId="e02aa8fa-9047-4681-9ab8-b58231ea3d91" testListId="8c84fa94-04c1-424b-9868-57a2d4851a1d" />
    <TestEntry testId="4b99c741-ba3a-1e02-0f06-2dc601e4d210" executionId="dcc9a8bb-69c1-4ee9-aefc-32a5b21e254b" testListId="8c84fa94-04c1-424b-9868-57a2d4851a1d" />
    <TestEntry testId="67badc83-89c9-92b7-ca8a-c0603f869d7f" executionId="0977865a-c50d-49e3-b777-eaa38d1f8a87" testListId="8c84fa94-04c1-424b-9868-57a2d4851a1d" />
  </TestEntries>
  <Results>
    <UnitTestResult executionId="2337a77a-f669-4e1d-ab2f-fe5c9d0c0a87" testId="36349fa0-9256-4def-980c-c2a738ac8edb" testName="GetScriptFileTimeStamp_Empty" computerName="DANTE" duration="00:00:00.0182073" startTime="2011-08-03T16:14:19.5158986+02:00" endTime="2011-08-03T16:14:19.6719075+02:00" testType="13cdc9d9-ddb5-4fa4-a97d-d965ccfc6d4b" outcome="Passed" testListId="8c84fa94-04c1-424b-9868-57a2d4851a1d" relativeResultsDirectory="2337a77a-f669-4e1d-ab2f-fe5c9d0c0a87">
    </UnitTestResult>
    <UnitTestResult executionId="3cb8383b-5097-4175-ae7d-505ec3d6de0d" testId="9d5a688e-59a3-2893-a191-b6ed823a8985" testName="GetScriptFileTimeStamp_Null" computerName="DANTE" duration="00:00:00.0001518" startTime="2011-08-03T16:14:19.6739077+02:00" endTime="2011-08-03T16:14:19.6759078+02:00" testType="13cdc9d9-ddb5-4fa4-a97d-d965ccfc6d4b" outcome="Passed" testListId="8c84fa94-04c1-424b-9868-57a2d4851a1d" relativeResultsDirectory="3cb8383b-5097-4175-ae7d-505ec3d6de0d">
    </UnitTestResult>
    <UnitTestResult executionId="997a3cac-ff2f-46ae-992b-5829b88e0a61" testId="62192c1f-5084-a354-f1eb-4f61c7279af9" testName="GetScriptFileTimeStamp_Default" computerName="DANTE" duration="00:00:00.0001121" startTime="2011-08-03T16:14:19.6769078+02:00" endTime="2011-08-03T16:14:19.6789079+02:00" testType="13cdc9d9-ddb5-4fa4-a97d-d965ccfc6d4b" outcome="Passed" testListId="8c84fa94-04c1-424b-9868-57a2d4851a1d" relativeResultsDirectory="997a3cac-ff2f-46ae-992b-5829b88e0a61">
    </UnitTestResult>
    <UnitTestResult executionId="3fed21be-dc92-4ad1-801e-7c192a47f6df" testId="2469edda-bfa9-e27f-fbda-c34aaedc5dac" testName="GetScriptFileTimeStamp_WrongFile" computerName="DANTE" duration="00:00:00.0001319" startTime="2011-08-03T16:14:19.6799080+02:00" endTime="2011-08-03T16:14:19.6819081+02:00" testType="13cdc9d9-ddb5-4fa4-a97d-d965ccfc6d4b" outcome="Passed" testListId="8c84fa94-04c1-424b-9868-57a2d4851a1d" relativeResultsDirectory="3fed21be-dc92-4ad1-801e-7c192a47f6df">
    </UnitTestResult>
    <UnitTestResult executionId="330e12ec-4ae0-4680-97b7-1366c6c4c979" testId="e887175c-ed7c-ef44-f0bd-336d9886183b" testName="GetScriptFileTimeStamp_TwoUnderscores" computerName="DANTE" duration="00:00:00.0001214" startTime="2011-08-03T16:14:19.6839082+02:00" endTime="2011-08-03T16:14:19.6849083+02:00" testType="13cdc9d9-ddb5-4fa4-a97d-d965ccfc6d4b" outcome="Passed" testListId="8c84fa94-04c1-424b-9868-57a2d4851a1d" relativeResultsDirectory="330e12ec-4ae0-4680-97b7-1366c6c4c979">
    </UnitTestResult>
    <UnitTestResult executionId="e5d00592-c9c3-4fc7-8d66-102213171fff" testId="b820de05-cd05-5b2f-5b83-4ca1afa32d03" testName="GetScriptPath_CurrentDir" computerName="DANTE" duration="00:00:00.0005870" startTime="2011-08-03T16:14:19.6859083+02:00" endTime="2011-08-03T16:14:19.6879085+02:00" testType="13cdc9d9-ddb5-4fa4-a97d-d965ccfc6d4b" outcome="Passed" testListId="8c84fa94-04c1-424b-9868-57a2d4851a1d" relativeResultsDirectory="e5d00592-c9c3-4fc7-8d66-102213171fff">
    </UnitTestResult>
    <UnitTestResult executionId="8ea91a35-1fbf-48b9-8f24-3be5caa5b9e2" testId="ceab9d55-5207-0187-f6d1-897650253d31" testName="GetScriptPath_PathSpecified" computerName="DANTE" duration="00:00:00.0001776" startTime="2011-08-03T16:14:19.6899086+02:00" endTime="2011-08-03T16:14:19.6919087+02:00" testType="13cdc9d9-ddb5-4fa4-a97d-d965ccfc6d4b" outcome="Passed" testListId="8c84fa94-04c1-424b-9868-57a2d4851a1d" relativeResultsDirectory="8ea91a35-1fbf-48b9-8f24-3be5caa5b9e2">
    </UnitTestResult>
    <UnitTestResult executionId="f49b1fdb-6b33-468d-988c-69d3922d6d06" testId="3909de38-7848-39ee-383f-9b8782bd4167" testName="GetScriptPath_PathEmpty" computerName="DANTE" duration="00:00:00.0001633" startTime="2011-08-03T16:14:19.6919087+02:00" endTime="2011-08-03T16:14:19.6939088+02:00" testType="13cdc9d9-ddb5-4fa4-a97d-d965ccfc6d4b" outcome="Passed" testListId="8c84fa94-04c1-424b-9868-57a2d4851a1d" relativeResultsDirectory="f49b1fdb-6b33-468d-988c-69d3922d6d06">
    </UnitTestResult>
    <UnitTestResult executionId="e3458c0b-0619-4eb2-b37a-ab39881fbf26" testId="60f1778d-b594-ad2a-59a9-06a39ec4b1e5" testName="GetScriptPath_PathNull" computerName="DANTE" duration="00:00:00.0001674" startTime="2011-08-03T16:14:19.6949089+02:00" endTime="2011-08-03T16:14:19.6969090+02:00" testType="13cdc9d9-ddb5-4fa4-a97d-d965ccfc6d4b" outcome="Passed" testListId="8c84fa94-04c1-424b-9868-57a2d4851a1d" relativeResultsDirectory="e3458c0b-0619-4eb2-b37a-ab39881fbf26">
    </UnitTestResult>
    <UnitTestResult executionId="d47df45a-6bd5-42cf-8c59-5dbbb5329bac" testId="3253e96f-9660-2053-015f-36eb9145d184" testName="Compare_Empty" computerName="DANTE" duration="00:00:00.0006791" startTime="2011-08-03T16:14:19.6979090+02:00" endTime="2011-08-03T16:14:19.7009092+02:00" testType="13cdc9d9-ddb5-4fa4-a97d-d965ccfc6d4b" outcome="Passed" testListId="8c84fa94-04c1-424b-9868-57a2d4851a1d" relativeResultsDirectory="d47df45a-6bd5-42cf-8c59-5dbbb5329bac">
    </UnitTestResult>
    <UnitTestResult executionId="e3f32841-a2e2-4523-84d7-a81c812cee3f" testId="8b68b881-60fc-5bf3-3e00-b9a4ca1c1f15" testName="Compare_Left" computerName="DANTE" duration="00:00:00.0001847" startTime="2011-08-03T16:14:19.7019093+02:00" endTime="2011-08-03T16:14:19.7039094+02:00" testType="13cdc9d9-ddb5-4fa4-a97d-d965ccfc6d4b" outcome="Passed" testListId="8c84fa94-04c1-424b-9868-57a2d4851a1d" relativeResultsDirectory="e3f32841-a2e2-4523-84d7-a81c812cee3f">
    </UnitTestResult>
    <UnitTestResult executionId="97c5e89c-3a42-4590-993d-10cb103cb1d0" testId="6489dbb5-1740-8c20-53f5-c92cf8b75d09" testName="Compare_Right" computerName="DANTE" duration="00:00:00.0001665" startTime="2011-08-03T16:14:19.7049094+02:00" endTime="2011-08-03T16:14:19.7069095+02:00" testType="13cdc9d9-ddb5-4fa4-a97d-d965ccfc6d4b" outcome="Passed" testListId="8c84fa94-04c1-424b-9868-57a2d4851a1d" relativeResultsDirectory="97c5e89c-3a42-4590-993d-10cb103cb1d0">
    </UnitTestResult>
    <UnitTestResult executionId="855d78c6-5efe-4419-96a7-485ab27ac53a" testId="9fdbc681-ce25-4296-c01e-da3c8048e548" testName="GetScriptFiles_Expected_3_Files" computerName="DANTE" duration="00:00:00.0006948" startTime="2011-08-03T16:14:19.7069095+02:00" endTime="2011-08-03T16:14:19.7099097+02:00" testType="13cdc9d9-ddb5-4fa4-a97d-d965ccfc6d4b" outcome="Passed" testListId="8c84fa94-04c1-424b-9868-57a2d4851a1d" relativeResultsDirectory="855d78c6-5efe-4419-96a7-485ab27ac53a">
    </UnitTestResult>
    <UnitTestResult executionId="b32b75ed-6f15-4355-8d36-503add567929" testId="9e93776e-2f3b-5dc1-e980-1dd327a08e94" testName="ConvertTimeStamp_DefaultValue" computerName="DANTE" duration="00:00:00.0008283" startTime="2011-08-03T16:14:19.7119098+02:00" endTime="2011-08-03T16:14:19.7139099+02:00" testType="13cdc9d9-ddb5-4fa4-a97d-d965ccfc6d4b" outcome="Passed" testListId="8c84fa94-04c1-424b-9868-57a2d4851a1d" relativeResultsDirectory="b32b75ed-6f15-4355-8d36-503add567929">
    </UnitTestResult>
    <UnitTestResult executionId="e02aa8fa-9047-4681-9ab8-b58231ea3d91" testId="b16a5f55-2607-fdce-b999-1e4f4b01ed45" testName="ConvertTimeStamp_Empty" computerName="DANTE" duration="00:00:00.0001364" startTime="2011-08-03T16:14:19.7149100+02:00" endTime="2011-08-03T16:14:19.7169101+02:00" testType="13cdc9d9-ddb5-4fa4-a97d-d965ccfc6d4b" outcome="Passed" testListId="8c84fa94-04c1-424b-9868-57a2d4851a1d" relativeResultsDirectory="e02aa8fa-9047-4681-9ab8-b58231ea3d91">
    </UnitTestResult>
    <UnitTestResult executionId="dcc9a8bb-69c1-4ee9-aefc-32a5b21e254b" testId="4b99c741-ba3a-1e02-0f06-2dc601e4d210" testName="ConvertTimeStamp_Null" computerName="DANTE" duration="00:00:00.0001287" startTime="2011-08-03T16:14:19.7179102+02:00" endTime="2011-08-03T16:14:19.7199103+02:00" testType="13cdc9d9-ddb5-4fa4-a97d-d965ccfc6d4b" outcome="Passed" testListId="8c84fa94-04c1-424b-9868-57a2d4851a1d" relativeResultsDirectory="dcc9a8bb-69c1-4ee9-aefc-32a5b21e254b">
    </UnitTestResult>
    <UnitTestResult executionId="0977865a-c50d-49e3-b777-eaa38d1f8a87" testId="67badc83-89c9-92b7-ca8a-c0603f869d7f" testName="ConvertTimeStamp_IncorrectLength" computerName="DANTE" duration="00:00:00.0180718" startTime="2011-08-03T16:14:19.7209103+02:00" endTime="2011-08-03T16:14:19.7409115+02:00" testType="13cdc9d9-ddb5-4fa4-a97d-d965ccfc6d4b" outcome="Failed" testListId="8c84fa94-04c1-424b-9868-57a2d4851a1d" relativeResultsDirectory="0977865a-c50d-49e3-b777-eaa38d1f8a87">
      <Output>
        <ErrorInfo>
          <Message>Assert.AreEqual failed. Expected:&lt;22/11/2011 12:12:12&gt;. Actual:&lt;1/01/0001 0:00:00&gt;. </Message>
          <StackTrace>   at dbgen.Tests.VersionHelperTest.ConvertTimeStamp_IncorrectLength() in D:\dotnetWorks\dbgen\dbgen.Tests\VersionHelperTest.cs:line 51
</StackTrace>
        </ErrorInfo>
      </Output>
    </UnitTestResult>
  </Results>
</TestRun>