<?xml version="1.0" encoding="UTF-8"?>
<TestRun id="808dba8e-0665-4c6a-bc19-9f9b7bcac681" name="Geert@DANTE 2011-08-03 11:04:49" runUser="DANTE\Geert" xmlns="http://microsoft.com/schemas/VisualStudio/TeamTest/2010">
  <TestSettings name="Local" id="5a8f1c0c-66b1-48e4-929b-7d94eb1600d3">
    <Description>These are default test settings for a local test run.</Description>
    <Deployment enabled="false" runDeploymentRoot="Geert_DANTE 2011-08-03 11_04_49">
      <DeploymentItem filename="D:\dotnetWorks\dbgen\dbgen\bin\Debug\dbgen.exe" />
    </Deployment>
    <Execution>
      <TestTypeSpecific />
      <AgentRule name="Execution Agents">
      </AgentRule>
    </Execution>
  </TestSettings>
  <Times creation="2011-08-03T11:04:49.4076928+02:00" queuing="2011-08-03T11:04:49.5176930+02:00" start="2011-08-03T11:04:49.5476930+02:00" finish="2011-08-03T11:04:49.8176934+02:00" />
  <ResultSummary outcome="Failed">
    <Counters total="3" executed="3" passed="1" error="0" failed="2" timeout="0" aborted="0" inconclusive="0" passedButRunAborted="0" notRunnable="0" notExecuted="0" disconnected="0" warning="0" completed="0" inProgress="0" pending="0" />
  </ResultSummary>
  <TestDefinitions>
    <UnitTest name="Compare_Right" storage="d:\dotnetworks\dbgen\dbgen.tests\bin\debug\dbgen.tests.dll" id="6489dbb5-1740-8c20-53f5-c92cf8b75d09">
      <Execution id="eb85eff7-2a5d-4ced-ba12-cdacef320979" />
      <TestMethod codeBase="D:/dotnetWorks/dbgen/dbgen.Tests/bin/Debug/dbgen.Tests.DLL" adapterTypeName="Microsoft.VisualStudio.TestTools.TestTypes.Unit.UnitTestAdapter, Microsoft.VisualStudio.QualityTools.Tips.UnitTest.Adapter, Version=10.0.0.0, Culture=neutral, PublicKeyToken=b03f5f7f11d50a3a" className="dbgen.Tests.TimestampComparerTest, dbgen.Tests, Version=1.0.0.0, Culture=neutral, PublicKeyToken=null" name="Compare_Right" />
    </UnitTest>
    <UnitTest name="Compare_Left" storage="d:\dotnetworks\dbgen\dbgen.tests\bin\debug\dbgen.tests.dll" id="8b68b881-60fc-5bf3-3e00-b9a4ca1c1f15">
      <Execution id="596a4d06-ade6-4eef-8460-36b059ea2ee6" />
      <TestMethod codeBase="D:/dotnetWorks/dbgen/dbgen.Tests/bin/Debug/dbgen.Tests.DLL" adapterTypeName="Microsoft.VisualStudio.TestTools.TestTypes.Unit.UnitTestAdapter, Microsoft.VisualStudio.QualityTools.Tips.UnitTest.Adapter, Version=10.0.0.0, Culture=neutral, PublicKeyToken=b03f5f7f11d50a3a" className="dbgen.Tests.TimestampComparerTest, dbgen.Tests, Version=1.0.0.0, Culture=neutral, PublicKeyToken=null" name="Compare_Left" />
    </UnitTest>
    <UnitTest name="Compare_Empty" storage="d:\dotnetworks\dbgen\dbgen.tests\bin\debug\dbgen.tests.dll" id="3253e96f-9660-2053-015f-36eb9145d184">
      <Execution id="8932b3a8-7a93-4555-bde8-d50f839155b3" />
      <TestMethod codeBase="D:/dotnetWorks/dbgen/dbgen.Tests/bin/Debug/dbgen.Tests.DLL" adapterTypeName="Microsoft.VisualStudio.TestTools.TestTypes.Unit.UnitTestAdapter, Microsoft.VisualStudio.QualityTools.Tips.UnitTest.Adapter, Version=10.0.0.0, Culture=neutral, PublicKeyToken=b03f5f7f11d50a3a" className="dbgen.Tests.TimestampComparerTest, dbgen.Tests, Version=1.0.0.0, Culture=neutral, PublicKeyToken=null" name="Compare_Empty" />
    </UnitTest>
  </TestDefinitions>
  <TestLists>
    <TestList name="Results Not in a List" id="8c84fa94-04c1-424b-9868-57a2d4851a1d" />
    <TestList name="All Loaded Results" id="19431567-8539-422a-85d7-44ee4e166bda" />
  </TestLists>
  <TestEntries>
    <TestEntry testId="3253e96f-9660-2053-015f-36eb9145d184" executionId="8932b3a8-7a93-4555-bde8-d50f839155b3" testListId="8c84fa94-04c1-424b-9868-57a2d4851a1d" />
    <TestEntry testId="8b68b881-60fc-5bf3-3e00-b9a4ca1c1f15" executionId="596a4d06-ade6-4eef-8460-36b059ea2ee6" testListId="8c84fa94-04c1-424b-9868-57a2d4851a1d" />
    <TestEntry testId="6489dbb5-1740-8c20-53f5-c92cf8b75d09" executionId="eb85eff7-2a5d-4ced-ba12-cdacef320979" testListId="8c84fa94-04c1-424b-9868-57a2d4851a1d" />
  </TestEntries>
  <Results>
    <UnitTestResult executionId="8932b3a8-7a93-4555-bde8-d50f839155b3" testId="3253e96f-9660-2053-015f-36eb9145d184" testName="Compare_Empty" computerName="DANTE" duration="00:00:00.0115124" startTime="2011-08-03T11:04:49.5476930+02:00" endTime="2011-08-03T11:04:49.7876933+02:00" testType="13cdc9d9-ddb5-4fa4-a97d-d965ccfc6d4b" outcome="Passed" testListId="8c84fa94-04c1-424b-9868-57a2d4851a1d" relativeResultsDirectory="8932b3a8-7a93-4555-bde8-d50f839155b3">
    </UnitTestResult>
    <UnitTestResult executionId="596a4d06-ade6-4eef-8460-36b059ea2ee6" testId="8b68b881-60fc-5bf3-3e00-b9a4ca1c1f15" testName="Compare_Left" computerName="DANTE" duration="00:00:00.0128042" startTime="2011-08-03T11:04:49.7876933+02:00" endTime="2011-08-03T11:04:49.7976933+02:00" testType="13cdc9d9-ddb5-4fa4-a97d-d965ccfc6d4b" outcome="Failed" testListId="8c84fa94-04c1-424b-9868-57a2d4851a1d" relativeResultsDirectory="596a4d06-ade6-4eef-8460-36b059ea2ee6">
      <Output>
        <ErrorInfo>
          <Message>Assert.AreEqual failed. Expected:&lt;0&gt;. Actual:&lt;1&gt;. </Message>
          <StackTrace>   at dbgen.Tests.TimestampComparerTest.Compare_Left() in D:\dotnetWorks\dbgen\dbgen.Tests\TimestampComparerTest.cs:line 37
</StackTrace>
        </ErrorInfo>
      </Output>
    </UnitTestResult>
    <UnitTestResult executionId="eb85eff7-2a5d-4ced-ba12-cdacef320979" testId="6489dbb5-1740-8c20-53f5-c92cf8b75d09" testName="Compare_Right" computerName="DANTE" duration="00:00:00.0011179" startTime="2011-08-03T11:04:49.7976933+02:00" endTime="2011-08-03T11:04:49.8076934+02:00" testType="13cdc9d9-ddb5-4fa4-a97d-d965ccfc6d4b" outcome="Failed" testListId="8c84fa94-04c1-424b-9868-57a2d4851a1d" relativeResultsDirectory="eb85eff7-2a5d-4ced-ba12-cdacef320979">
      <Output>
        <ErrorInfo>
          <Message>Assert.AreEqual failed. Expected:&lt;0&gt;. Actual:&lt;-1&gt;. </Message>
          <StackTrace>   at dbgen.Tests.TimestampComparerTest.Compare_Right() in D:\dotnetWorks\dbgen\dbgen.Tests\TimestampComparerTest.cs:line 49
</StackTrace>
        </ErrorInfo>
      </Output>
    </UnitTestResult>
  </Results>
</TestRun>