<?xml version="1.0" encoding="UTF-8"?>
<TestRun id="ffd22253-4533-4a4b-bf4c-e024f8d525b7" name="Geert@DANTE 2011-08-03 11:03:17" runUser="DANTE\Geert" xmlns="http://microsoft.com/schemas/VisualStudio/TeamTest/2010">
  <TestSettings name="Local" id="5a8f1c0c-66b1-48e4-929b-7d94eb1600d3">
    <Description>These are default test settings for a local test run.</Description>
    <Deployment enabled="false" runDeploymentRoot="Geert_DANTE 2011-08-03 11_03_17">
      <DeploymentItem filename="D:\dotnetWorks\dbgen\dbgen\bin\Debug\dbgen.exe" />
    </Deployment>
    <Execution>
      <TestTypeSpecific />
      <AgentRule name="Execution Agents">
      </AgentRule>
    </Execution>
  </TestSettings>
  <Times creation="2011-08-03T11:03:17.1663979+02:00" queuing="2011-08-03T11:03:18.2463994+02:00" start="2011-08-03T11:03:18.4063996+02:00" finish="2011-08-03T11:04:34.9926065+02:00" />
  <ResultSummary outcome="Error">
    <Counters total="1" executed="1" error="0" failed="0" timeout="0" aborted="1" inconclusive="0" passedButRunAborted="0" notRunnable="0" notExecuted="0" disconnected="0" warning="0" passed="0" completed="0" inProgress="0" pending="0" />
    <RunInfos>
      <RunInfo computerName="DANTE" outcome="Error" timestamp="2011-08-03T11:04:34.9926065+02:00">
        <Text>Test host process exited unexpectedly.</Text>
      </RunInfo>
    </RunInfos>
  </ResultSummary>
  <TestDefinitions>
    <UnitTest name="Compare_Left" storage="d:\dotnetworks\dbgen\dbgen.tests\bin\debug\dbgen.tests.dll" id="8b68b881-60fc-5bf3-3e00-b9a4ca1c1f15">
      <Execution id="583fc66b-11e3-41e9-9579-0f25bfbabb05" />
      <TestMethod codeBase="D:/dotnetWorks/dbgen/dbgen.Tests/bin/Debug/dbgen.Tests.DLL" adapterTypeName="Microsoft.VisualStudio.TestTools.TestTypes.Unit.UnitTestAdapter, Microsoft.VisualStudio.QualityTools.Tips.UnitTest.Adapter, Version=10.0.0.0, Culture=neutral, PublicKeyToken=b03f5f7f11d50a3a" className="dbgen.Tests.TimestampComparerTest, dbgen.Tests, Version=1.0.0.0, Culture=neutral, PublicKeyToken=null" name="Compare_Left" />
    </UnitTest>
  </TestDefinitions>
  <TestLists>
    <TestList name="Results Not in a List" id="8c84fa94-04c1-424b-9868-57a2d4851a1d" />
    <TestList name="All Loaded Results" id="19431567-8539-422a-85d7-44ee4e166bda" />
  </TestLists>
  <TestEntries>
    <TestEntry testId="8b68b881-60fc-5bf3-3e00-b9a4ca1c1f15" executionId="583fc66b-11e3-41e9-9579-0f25bfbabb05" testListId="8c84fa94-04c1-424b-9868-57a2d4851a1d" />
  </TestEntries>
  <Results>
    <UnitTestResult executionId="583fc66b-11e3-41e9-9579-0f25bfbabb05" testId="8b68b881-60fc-5bf3-3e00-b9a4ca1c1f15" testName="Compare_Left" computerName="DANTE" duration="00:01:16.4262067" startTime="2011-08-03T11:03:18.5663998+02:00" endTime="2011-08-03T11:04:34.9926065+02:00" testType="13cdc9d9-ddb5-4fa4-a97d-d965ccfc6d4b" outcome="Aborted" testListId="8c84fa94-04c1-424b-9868-57a2d4851a1d" relativeResultsDirectory="583fc66b-11e3-41e9-9579-0f25bfbabb05">
    </UnitTestResult>
  </Results>
</TestRun>