<?xml version="1.0" encoding="UTF-8"?>
<TestRun id="446af0fc-f21c-44fe-9c54-776bcb51be3a" name="Geert@DANTE 2011-08-03 10:49:12" runUser="DANTE\Geert" xmlns="http://microsoft.com/schemas/VisualStudio/TeamTest/2010">
  <TestSettings name="Local" id="5a8f1c0c-66b1-48e4-929b-7d94eb1600d3">
    <Description>These are default test settings for a local test run.</Description>
    <Deployment enabled="false" runDeploymentRoot="Geert_DANTE 2011-08-03 10_49_12">
      <DeploymentItem filename="D:\dotnetWorks\dbgen\dbgen\bin\Debug\dbgen.exe" />
    </Deployment>
    <Execution>
      <TestTypeSpecific />
      <AgentRule name="Execution Agents">
      </AgentRule>
    </Execution>
  </TestSettings>
  <Times creation="2011-08-03T10:49:12.2891853+02:00" queuing="2011-08-03T10:49:12.3191853+02:00" start="2011-08-03T10:49:12.3291853+02:00" finish="2011-08-03T10:49:12.5291856+02:00" />
  <ResultSummary outcome="Failed">
    <Counters total="5" executed="5" passed="4" error="0" failed="1" timeout="0" aborted="0" inconclusive="0" passedButRunAborted="0" notRunnable="0" notExecuted="0" disconnected="0" warning="0" completed="0" inProgress="0" pending="0" />
  </ResultSummary>
  <TestDefinitions>
    <UnitTest name="GetScriptFileTimeStamp_Default" storage="d:\dotnetworks\dbgen\dbgen.tests\bin\debug\dbgen.tests.dll" id="62192c1f-5084-a354-f1eb-4f61c7279af9">
      <Execution id="43345c1f-5dbe-41f7-8507-4401b814d496" />
      <TestMethod codeBase="D:/dotnetWorks/dbgen/dbgen.Tests/bin/Debug/dbgen.Tests.DLL" adapterTypeName="Microsoft.VisualStudio.TestTools.TestTypes.Unit.UnitTestAdapter, Microsoft.VisualStudio.QualityTools.Tips.UnitTest.Adapter, Version=10.0.0.0, Culture=neutral, PublicKeyToken=b03f5f7f11d50a3a" className="dbgen.Tests.ScriptFileHelperTest, dbgen.Tests, Version=1.0.0.0, Culture=neutral, PublicKeyToken=null" name="GetScriptFileTimeStamp_Default" />
    </UnitTest>
    <UnitTest name="GetScriptFileTimeStamp_Empty" storage="d:\dotnetworks\dbgen\dbgen.tests\bin\debug\dbgen.tests.dll" id="36349fa0-9256-4def-980c-c2a738ac8edb">
      <Execution id="922b44b5-b226-44cd-9f0e-e06f8f268cbb" />
      <TestMethod codeBase="D:/dotnetWorks/dbgen/dbgen.Tests/bin/Debug/dbgen.Tests.DLL" adapterTypeName="Microsoft.VisualStudio.TestTools.TestTypes.Unit.UnitTestAdapter, Microsoft.VisualStudio.QualityTools.Tips.UnitTest.Adapter, Version=10.0.0.0, Culture=neutral, PublicKeyToken=b03f5f7f11d50a3a" className="dbgen.Tests.ScriptFileHelperTest, dbgen.Tests, Version=1.0.0.0, Culture=neutral, PublicKeyToken=null" name="GetScriptFileTimeStamp_Empty" />
    </UnitTest>
    <UnitTest name="GetScriptFileTimeStamp_WrongFile" storage="d:\dotnetworks\dbgen\dbgen.tests\bin\debug\dbgen.tests.dll" id="2469edda-bfa9-e27f-fbda-c34aaedc5dac">
      <Execution id="b6be486d-adf5-48ec-a1a0-ef1d543db610" />
      <TestMethod codeBase="D:/dotnetWorks/dbgen/dbgen.Tests/bin/Debug/dbgen.Tests.DLL" adapterTypeName="Microsoft.VisualStudio.TestTools.TestTypes.Unit.UnitTestAdapter, Microsoft.VisualStudio.QualityTools.Tips.UnitTest.Adapter, Version=10.0.0.0, Culture=neutral, PublicKeyToken=b03f5f7f11d50a3a" className="dbgen.Tests.ScriptFileHelperTest, dbgen.Tests, Version=1.0.0.0, Culture=neutral, PublicKeyToken=null" name="GetScriptFileTimeStamp_WrongFile" />
    </UnitTest>
    <UnitTest name="GetScriptFileTimeStamp_TwoUnderscores" storage="d:\dotnetworks\dbgen\dbgen.tests\bin\debug\dbgen.tests.dll" id="e887175c-ed7c-ef44-f0bd-336d9886183b">
      <Execution id="171d0eea-3ba3-438f-971e-b6f072805bfe" />
      <TestMethod codeBase="D:/dotnetWorks/dbgen/dbgen.Tests/bin/Debug/dbgen.Tests.DLL" adapterTypeName="Microsoft.VisualStudio.TestTools.TestTypes.Unit.UnitTestAdapter, Microsoft.VisualStudio.QualityTools.Tips.UnitTest.Adapter, Version=10.0.0.0, Culture=neutral, PublicKeyToken=b03f5f7f11d50a3a" className="dbgen.Tests.ScriptFileHelperTest, dbgen.Tests, Version=1.0.0.0, Culture=neutral, PublicKeyToken=null" name="GetScriptFileTimeStamp_TwoUnderscores" />
    </UnitTest>
    <UnitTest name="GetScriptFileTimeStamp_Null" storage="d:\dotnetworks\dbgen\dbgen.tests\bin\debug\dbgen.tests.dll" id="9d5a688e-59a3-2893-a191-b6ed823a8985">
      <Execution id="8a8d3fef-4632-4ec2-b80d-8577a96672fa" />
      <TestMethod codeBase="D:/dotnetWorks/dbgen/dbgen.Tests/bin/Debug/dbgen.Tests.DLL" adapterTypeName="Microsoft.VisualStudio.TestTools.TestTypes.Unit.UnitTestAdapter, Microsoft.VisualStudio.QualityTools.Tips.UnitTest.Adapter, Version=10.0.0.0, Culture=neutral, PublicKeyToken=b03f5f7f11d50a3a" className="dbgen.Tests.ScriptFileHelperTest, dbgen.Tests, Version=1.0.0.0, Culture=neutral, PublicKeyToken=null" name="GetScriptFileTimeStamp_Null" />
    </UnitTest>
  </TestDefinitions>
  <TestLists>
    <TestList name="Results Not in a List" id="8c84fa94-04c1-424b-9868-57a2d4851a1d" />
    <TestList name="All Loaded Results" id="19431567-8539-422a-85d7-44ee4e166bda" />
  </TestLists>
  <TestEntries>
    <TestEntry testId="36349fa0-9256-4def-980c-c2a738ac8edb" executionId="922b44b5-b226-44cd-9f0e-e06f8f268cbb" testListId="8c84fa94-04c1-424b-9868-57a2d4851a1d" />
    <TestEntry testId="9d5a688e-59a3-2893-a191-b6ed823a8985" executionId="8a8d3fef-4632-4ec2-b80d-8577a96672fa" testListId="8c84fa94-04c1-424b-9868-57a2d4851a1d" />
    <TestEntry testId="62192c1f-5084-a354-f1eb-4f61c7279af9" executionId="43345c1f-5dbe-41f7-8507-4401b814d496" testListId="8c84fa94-04c1-424b-9868-57a2d4851a1d" />
    <TestEntry testId="2469edda-bfa9-e27f-fbda-c34aaedc5dac" executionId="b6be486d-adf5-48ec-a1a0-ef1d543db610" testListId="8c84fa94-04c1-424b-9868-57a2d4851a1d" />
    <TestEntry testId="e887175c-ed7c-ef44-f0bd-336d9886183b" executionId="171d0eea-3ba3-438f-971e-b6f072805bfe" testListId="8c84fa94-04c1-424b-9868-57a2d4851a1d" />
  </TestEntries>
  <Results>
    <UnitTestResult executionId="922b44b5-b226-44cd-9f0e-e06f8f268cbb" testId="36349fa0-9256-4def-980c-c2a738ac8edb" testName="GetScriptFileTimeStamp_Empty" computerName="DANTE" duration="00:00:00.0180443" startTime="2011-08-03T10:49:12.3291853+02:00" endTime="2011-08-03T10:49:12.4891855+02:00" testType="13cdc9d9-ddb5-4fa4-a97d-d965ccfc6d4b" outcome="Passed" testListId="8c84fa94-04c1-424b-9868-57a2d4851a1d" relativeResultsDirectory="922b44b5-b226-44cd-9f0e-e06f8f268cbb">
    </UnitTestResult>
    <UnitTestResult executionId="8a8d3fef-4632-4ec2-b80d-8577a96672fa" testId="9d5a688e-59a3-2893-a191-b6ed823a8985" testName="GetScriptFileTimeStamp_Null" computerName="DANTE" duration="00:00:00.0001374" startTime="2011-08-03T10:49:12.4891855+02:00" endTime="2011-08-03T10:49:12.4891855+02:00" testType="13cdc9d9-ddb5-4fa4-a97d-d965ccfc6d4b" outcome="Passed" testListId="8c84fa94-04c1-424b-9868-57a2d4851a1d" relativeResultsDirectory="8a8d3fef-4632-4ec2-b80d-8577a96672fa">
    </UnitTestResult>
    <UnitTestResult executionId="43345c1f-5dbe-41f7-8507-4401b814d496" testId="62192c1f-5084-a354-f1eb-4f61c7279af9" testName="GetScriptFileTimeStamp_Default" computerName="DANTE" duration="00:00:00.0001115" startTime="2011-08-03T10:49:12.4891855+02:00" endTime="2011-08-03T10:49:12.4891855+02:00" testType="13cdc9d9-ddb5-4fa4-a97d-d965ccfc6d4b" outcome="Passed" testListId="8c84fa94-04c1-424b-9868-57a2d4851a1d" relativeResultsDirectory="43345c1f-5dbe-41f7-8507-4401b814d496">
    </UnitTestResult>
    <UnitTestResult executionId="b6be486d-adf5-48ec-a1a0-ef1d543db610" testId="2469edda-bfa9-e27f-fbda-c34aaedc5dac" testName="GetScriptFileTimeStamp_WrongFile" computerName="DANTE" duration="00:00:00.0100193" startTime="2011-08-03T10:49:12.4991856+02:00" endTime="2011-08-03T10:49:12.5091856+02:00" testType="13cdc9d9-ddb5-4fa4-a97d-d965ccfc6d4b" outcome="Failed" testListId="8c84fa94-04c1-424b-9868-57a2d4851a1d" relativeResultsDirectory="b6be486d-adf5-48ec-a1a0-ef1d543db610">
      <Output>
        <ErrorInfo>
          <Message>Assert.AreEqual failed. Expected:&lt;&gt;. Actual:&lt;bogus&gt;. </Message>
          <StackTrace>   at dbgen.Tests.ScriptFileHelperTest.GetScriptFileTimeStamp_WrongFile() in D:\dotnetWorks\dbgen\dbgen.Tests\ScriptFileHelperTest.cs:line 53
</StackTrace>
        </ErrorInfo>
      </Output>
    </UnitTestResult>
    <UnitTestResult executionId="171d0eea-3ba3-438f-971e-b6f072805bfe" testId="e887175c-ed7c-ef44-f0bd-336d9886183b" testName="GetScriptFileTimeStamp_TwoUnderscores" computerName="DANTE" duration="00:00:00.0001243" startTime="2011-08-03T10:49:12.5091856+02:00" endTime="2011-08-03T10:49:12.5091856+02:00" testType="13cdc9d9-ddb5-4fa4-a97d-d965ccfc6d4b" outcome="Passed" testListId="8c84fa94-04c1-424b-9868-57a2d4851a1d" relativeResultsDirectory="171d0eea-3ba3-438f-971e-b6f072805bfe">
    </UnitTestResult>
  </Results>
</TestRun>