<?xml version="1.0" encoding="UTF-8"?>
<TestRun id="3ee0d1f7-d8e9-49b7-93fe-0000827838e5" name="Geert@DANTE 2011-08-03 16:20:34" runUser="DANTE\Geert" xmlns="http://microsoft.com/schemas/VisualStudio/TeamTest/2010">
  <TestSettings name="Local" id="5a8f1c0c-66b1-48e4-929b-7d94eb1600d3">
    <Description>These are default test settings for a local test run.</Description>
    <Deployment runDeploymentRoot="Geert_DANTE 2011-08-03 16_20_34">
      <DeploymentItem filename="D:\dotnetWorks\dbgen\dbgen\bin\Debug\dbgen.exe" />
      <DeploymentItem filename="dbgen.Tests\testfiles\db_tbl_20110202020202.sql" />
      <DeploymentItem filename="dbgen.Tests\testfiles\db_tbl_20110101010101.sql" />
      <DeploymentItem filename="dbgen.Tests\testfiles\db_tbl_20110303030303.sql" />
    </Deployment>
    <Execution>
      <TestTypeSpecific>
        <UnitTestRunConfig testTypeId="13cdc9d9-ddb5-4fa4-a97d-d965ccfc6d4b">
          <AssemblyResolution>
            <TestDirectory useLoadContext="true" />
          </AssemblyResolution>
        </UnitTestRunConfig>
        <WebTestRunConfiguration testTypeId="4e7599fa-5ecb-43e9-a887-cd63cf72d207">
          <Browser name="Internet Explorer 7.0">
            <Headers>
              <Header name="User-Agent" value="Mozilla/4.0 (compatible; MSIE 7.0; Windows NT 5.1)" />
              <Header name="Accept" value="*/*" />
              <Header name="Accept-Language" value="{{$IEAcceptLanguage}}" />
              <Header name="Accept-Encoding" value="GZIP" />
            </Headers>
          </Browser>
        </WebTestRunConfiguration>
      </TestTypeSpecific>
      <AgentRule name="LocalMachineDefaultRole">
      </AgentRule>
    </Execution>
  </TestSettings>
  <Times creation="2011-08-03T16:20:34.6453548+02:00" queuing="2011-08-03T16:20:34.9583727+02:00" start="2011-08-03T16:20:34.9643730+02:00" finish="2011-08-03T16:20:35.3983979+02:00" />
  <ResultSummary outcome="Completed">
    <Counters total="1" executed="1" passed="1" error="0" failed="0" timeout="0" aborted="0" inconclusive="0" passedButRunAborted="0" notRunnable="0" notExecuted="0" disconnected="0" warning="0" completed="0" inProgress="0" pending="0" />
  </ResultSummary>
  <TestDefinitions>
    <UnitTest name="ScriptFileName_Empty" storage="d:\dotnetworks\dbgen\dbgen.tests\bin\debug\dbgen.tests.dll" id="a1db3831-ec68-2b1f-26db-644466e215c0">
      <Execution id="486aee3d-2d7c-440f-922f-78b3bf308a8b" />
      <TestMethod codeBase="D:/dotnetWorks/dbgen/dbgen.Tests/bin/Debug/dbgen.Tests.DLL" adapterTypeName="Microsoft.VisualStudio.TestTools.TestTypes.Unit.UnitTestAdapter, Microsoft.VisualStudio.QualityTools.Tips.UnitTest.Adapter, Version=10.0.0.0, Culture=neutral, PublicKeyToken=b03f5f7f11d50a3a" className="dbgen.Tests.ScriptFileNameTest, dbgen.Tests, Version=1.0.0.0, Culture=neutral, PublicKeyToken=null" name="ScriptFileName_Empty" />
    </UnitTest>
  </TestDefinitions>
  <TestLists>
    <TestList name="Results Not in a List" id="8c84fa94-04c1-424b-9868-57a2d4851a1d" />
    <TestList name="All Loaded Results" id="19431567-8539-422a-85d7-44ee4e166bda" />
  </TestLists>
  <TestEntries>
    <TestEntry testId="a1db3831-ec68-2b1f-26db-644466e215c0" executionId="486aee3d-2d7c-440f-922f-78b3bf308a8b" testListId="8c84fa94-04c1-424b-9868-57a2d4851a1d" />
  </TestEntries>
  <Results>
    <UnitTestResult executionId="486aee3d-2d7c-440f-922f-78b3bf308a8b" testId="a1db3831-ec68-2b1f-26db-644466e215c0" testName="ScriptFileName_Empty" computerName="DANTE" duration="00:00:00.0184230" startTime="2011-08-03T16:20:34.9653731+02:00" endTime="2011-08-03T16:20:35.1203820+02:00" testType="13cdc9d9-ddb5-4fa4-a97d-d965ccfc6d4b" outcome="Passed" testListId="8c84fa94-04c1-424b-9868-57a2d4851a1d" relativeResultsDirectory="486aee3d-2d7c-440f-922f-78b3bf308a8b">
    </UnitTestResult>
  </Results>
</TestRun>